<?xml version="1.0" encoding="UTF-8"?>
<!-- Generated by org.testng.reporters.JUnitReportReporter -->
<testsuite hostname="Vinoth" failures="0" tests="5" name="com.automation.devops.RegisterDemoFlow" time="20.725" errors="0" timestamp="2025-04-07T15:02:36 IST" skipped="0">
  <testcase classname="com.automation.devops.RegisterDemoFlow" name="launchApplication" time="7.248"/>
  <testcase classname="com.automation.devops.RegisterDemoFlow" name="navigateRegistrationForm" time="1.842"/>
  <testcase classname="com.automation.devops.RegisterDemoFlow" name="registerUser" time="10.759"/>
  <testcase classname="com.automation.devops.RegisterDemoFlow" name="validateTransactionDetails" time="0.286"/>
  <testcase classname="com.automation.devops.RegisterDemoFlow" name="closeApplication" time="0.590"/>
</testsuite> <!-- com.automation.devops.RegisterDemoFlow -->
