<?xml version="1.0" encoding="UTF-8"?>
<!-- Generated by org.testng.reporters.JUnitReportReporter -->
<testsuite hostname="Vinoth" failures="0" tests="5" name="com.automation.devops.RegisterDemoFlow" time="20.889" errors="0" timestamp="2025-04-07T15:27:40 IST" skipped="1">
  <testcase classname="com.automation.devops.RegisterDemoFlow" name="launchApplication" time="8.659"/>
  <testcase classname="com.automation.devops.RegisterDemoFlow" name="registerUser" time="10.866"/>
  <testcase classname="com.automation.devops.RegisterDemoFlow" name="validateTransactionDetails" time="0.152"/>
  <testcase classname="com.automation.devops.RegisterDemoFlow" name="closeApplication" time="1.212"/>
  <testcase classname="com.automation.devops.RegisterDemoFlow" name="navigateRegistrationForm">
    <skipped/>
  </testcase> <!-- navigateRegistrationForm -->
</testsuite> <!-- com.automation.devops.RegisterDemoFlow -->
